<?xml version="1.0" encoding="UTF-8"?>
<testng-results skipped="0" failed="0" total="1" passed="1">
  <reporter-output>
  </reporter-output>
  <suite name="Suite" duration-ms="24821" started-at="2017-08-15T21:10:50Z" finished-at="2017-08-15T21:11:15Z">
    <groups>
    </groups>
    <test name="Test" duration-ms="24821" started-at="2017-08-15T21:10:50Z" finished-at="2017-08-15T21:11:15Z">
      <class name="com.gmail.test">
        <test-method status="PASS" signature="login()[pri:0, instance:com.gmail.test@77caeb3e]" name="login" is-config="true" duration-ms="9742" started-at="2017-08-15T14:10:50Z" finished-at="2017-08-15T14:11:00Z">
          <reporter-output>
          </reporter-output>
        </test-method> <!-- login -->
        <test-method status="PASS" signature="method()[pri:0, instance:com.gmail.test@77caeb3e]" name="method" duration-ms="14445" started-at="2017-08-15T14:11:00Z" finished-at="2017-08-15T14:11:15Z">
          <reporter-output>
          </reporter-output>
        </test-method> <!-- method -->
        <test-method status="PASS" signature="teardown()[pri:0, instance:com.gmail.test@77caeb3e]" name="teardown" is-config="true" duration-ms="627" started-at="2017-08-15T14:11:15Z" finished-at="2017-08-15T14:11:15Z">
          <reporter-output>
          </reporter-output>
        </test-method> <!-- teardown -->
      </class> <!-- com.gmail.test -->
    </test> <!-- Test -->
  </suite> <!-- Suite -->
</testng-results>
